{
  "Cucumber Features": {
    "coverage": {
      "/home/codio/workspace/moldy-peppers/app/controllers/game_reviews_controller.rb": {
        "lines": [
          1,
          1,
          null,
          null,
          1,
          null,
          null,
          10,
          0,
          10,
          0,
          10,
          0,
          null,
          10,
          null,
          null,
          null,
          1,
          0,
          0,
          null,
          0,
          null,
          null,
          null,
          1,
          2,
          null,
          null,
          null,
          1,
          8,
          null,
          null,
          null,
          1,
          null,
          null,
          null,
          1,
          2,
          null,
          2,
          2,
          null,
          0,
          null,
          null,
          null,
          null,
          1,
          0,
          0,
          null,
          0,
          null,
          null,
          null,
          null,
          1,
          0,
          0,
          null,
          null,
          1,
          null,
          1,
          2,
          null,
          null,
          null,
          1,
          2,
          null,
          null
        ]
      },
      "/home/codio/workspace/moldy-peppers/app/controllers/application_controller.rb": {
        "lines": [
          1,
          null,
          null,
          1,
          null
        ]
      },
      "/home/codio/workspace/moldy-peppers/app/helpers/application_helper.rb": {
        "lines": [
          1,
          null
        ]
      },
      "/home/codio/workspace/moldy-peppers/app/helpers/game_reviews_helper.rb": {
        "lines": [
          1,
          null
        ]
      },
      "/home/codio/workspace/moldy-peppers/app/helpers/games_helper.rb": {
        "lines": [
          1,
          null
        ]
      },
      "/home/codio/workspace/moldy-peppers/app/helpers/reviews_games_helper.rb": {
        "lines": [
          1,
          null
        ]
      },
      "/home/codio/workspace/moldy-peppers/app/models/game_review.rb": {
        "lines": [
          1,
          null
        ]
      },
      "/home/codio/workspace/moldy-peppers/app/controllers/games_controller.rb": {
        "lines": [
          0,
          0,
          null,
          null,
          0,
          0,
          null,
          0,
          null,
          null,
          0,
          0,
          0,
          0,
          null,
          null,
          0,
          0,
          0,
          null,
          null,
          0,
          0,
          null,
          null,
          0,
          0,
          null,
          0,
          0,
          0,
          0,
          0,
          0,
          null,
          null,
          0,
          0,
          0,
          0,
          0,
          0,
          0,
          null,
          null,
          0,
          0,
          0,
          0,
          null,
          0,
          null,
          0,
          0,
          0,
          null,
          null,
          0,
          0,
          0,
          0
        ],
        "branches": {
        }
      },
      "/home/codio/workspace/moldy-peppers/app/controllers/reviews_games_controller.rb": {
        "lines": [
          0,
          0,
          null,
          null,
          0,
          0,
          0,
          null,
          null,
          0,
          0,
          null,
          null,
          0,
          0,
          0,
          null,
          null,
          0,
          0,
          null,
          null,
          0,
          0,
          null,
          0,
          0,
          0,
          0,
          0,
          0,
          null,
          null,
          0,
          0,
          0,
          0,
          0,
          0,
          0,
          null,
          null,
          0,
          0,
          0,
          0,
          null,
          0,
          null,
          0,
          0,
          0,
          null,
          null,
          0,
          0,
          0,
          0
        ],
        "branches": {
        }
      },
      "/home/codio/workspace/moldy-peppers/app/models/game.rb": {
        "lines": [
          0,
          0
        ],
        "branches": {
        }
      },
      "/home/codio/workspace/moldy-peppers/app/models/reviews_game.rb": {
        "lines": [
          0,
          0
        ],
        "branches": {
        }
      }
    },
    "timestamp": 1653585679
  },
  "RSpec": {
    "coverage": {
      "/home/codio/workspace/moldy-peppers/app/helpers/application_helper.rb": {
        "lines": [
          1,
          null
        ]
      },
      "/home/codio/workspace/moldy-peppers/app/helpers/game_reviews_helper.rb": {
        "lines": [
          1,
          null
        ]
      },
      "/home/codio/workspace/moldy-peppers/app/helpers/games_helper.rb": {
        "lines": [
          1,
          null
        ]
      },
      "/home/codio/workspace/moldy-peppers/app/helpers/reviews_games_helper.rb": {
        "lines": [
          1,
          null
        ]
      },
      "/home/codio/workspace/moldy-peppers/app/controllers/game_reviews_controller.rb": {
        "lines": [
          1,
          1,
          null,
          null,
          1,
          null,
          null,
          1,
          0,
          1,
          0,
          1,
          0,
          null,
          1,
          null,
          null,
          null,
          1,
          0,
          0,
          null,
          0,
          null,
          null,
          null,
          1,
          0,
          null,
          null,
          null,
          1,
          1,
          null,
          null,
          null,
          1,
          null,
          null,
          null,
          1,
          0,
          null,
          0,
          0,
          null,
          0,
          null,
          null,
          null,
          null,
          1,
          0,
          0,
          null,
          0,
          null,
          null,
          null,
          null,
          1,
          0,
          0,
          null,
          null,
          1,
          null,
          1,
          0,
          null,
          null,
          null,
          1,
          0,
          null,
          null
        ]
      },
      "/home/codio/workspace/moldy-peppers/app/controllers/application_controller.rb": {
        "lines": [
          1,
          null,
          null,
          1,
          null
        ]
      },
      "/home/codio/workspace/moldy-peppers/app/controllers/games_controller.rb": {
        "lines": [
          1,
          1,
          null,
          null,
          1,
          1,
          null,
          null,
          null,
          null,
          1,
          0,
          0,
          null,
          null,
          null,
          1,
          1,
          null,
          null,
          null,
          1,
          null,
          null,
          null,
          1,
          0,
          null,
          0,
          0,
          null,
          0,
          null,
          null,
          null,
          null,
          1,
          0,
          0,
          null,
          0,
          null,
          null,
          null,
          null,
          1,
          0,
          0,
          null,
          null,
          1,
          null,
          1,
          0,
          null,
          null,
          null,
          1,
          0,
          null,
          null
        ]
      },
      "/home/codio/workspace/moldy-peppers/app/controllers/reviews_games_controller.rb": {
        "lines": [
          1,
          1,
          null,
          null,
          1,
          1,
          null,
          null,
          null,
          1,
          null,
          null,
          null,
          1,
          1,
          null,
          null,
          null,
          1,
          null,
          null,
          null,
          1,
          0,
          null,
          0,
          0,
          null,
          0,
          null,
          null,
          null,
          null,
          1,
          0,
          0,
          null,
          0,
          null,
          null,
          null,
          null,
          1,
          0,
          0,
          null,
          null,
          1,
          null,
          1,
          0,
          null,
          null,
          null,
          1,
          0,
          null,
          null
        ]
      },
      "/home/codio/workspace/moldy-peppers/app/models/game_review.rb": {
        "lines": [
          1,
          null
        ]
      },
      "/home/codio/workspace/moldy-peppers/app/models/game.rb": {
        "lines": [
          1,
          null
        ]
      },
      "/home/codio/workspace/moldy-peppers/app/models/reviews_game.rb": {
        "lines": [
          1,
          null
        ]
      }
    },
    "timestamp": 1653586937
  }
}
